This is pdfTeX, Version 3.14159265-2.6-1.40.20 (TeX Live 2019/Debian) (preloaded format=pdflatex 2020.6.24)  22 JUL 2020 17:02
entering extended mode
 restricted \write18 enabled.
 %&-line parsing enabled.
**self-awareness.tex
(./self-awareness.tex
LaTeX2e <2020-02-02> patch level 2
L3 programming layer <2020-02-14>
(/usr/share/texlive/texmf-dist/tex/latex/base/article.cls
Document Class: article 2019/12/20 v1.4l Standard LaTeX document class
(/usr/share/texlive/texmf-dist/tex/latex/base/size10.clo
File: size10.clo 2019/12/20 v1.4l Standard LaTeX file (size option)
)
\c@part=\count167
\c@section=\count168
\c@subsection=\count169
\c@subsubsection=\count170
\c@paragraph=\count171
\c@subparagraph=\count172
\c@figure=\count173
\c@table=\count174
\abovecaptionskip=\skip47
\belowcaptionskip=\skip48
\bibindent=\dimen134
)
(/usr/share/texlive/texmf-dist/tex/latex/comment/comment.sty
\CommentStream=\write3

Excluding comment 'comment')
(/usr/share/texlive/texmf-dist/tex/generic/babel/babel.sty
Package: babel 2020/02/14 3.40 The Babel package

(/usr/share/texlive/texmf-dist/tex/generic/babel/switch.def
File: switch.def 2020/02/14 3.40 Babel switching mechanism
)
(/usr/share/texlive/texmf-dist/tex/generic/babel-english/english.ldf
Language: english 2017/06/06 v3.3r English support from the babel system

(/usr/share/texlive/texmf-dist/tex/generic/babel/babel.def
File: babel.def 2020/02/14 3.40 Babel common definitions
\babel@savecnt=\count175
\U@D=\dimen135

(/usr/share/texlive/texmf-dist/tex/generic/babel/txtbabel.def)
\bbl@readstream=\read2
\bbl@dirlevel=\count176
)
Package babel Info: \l@canadian = using hyphenrules for english
(babel)             (\language0) on input line 102.
Package babel Info: \l@australian = using hyphenrules for ukenglish
(babel)             (\language71) on input line 105.
Package babel Info: \l@newzealand = using hyphenrules for ukenglish
(babel)             (\language71) on input line 108.
))
(/usr/share/texlive/texmf-dist/tex/latex/base/inputenc.sty
Package: inputenc 2018/08/11 v1.3c Input encoding file
\inpenc@prehook=\toks14
\inpenc@posthook=\toks15
)
(/usr/share/texlive/texmf-dist/tex/latex/fancyhdr/fancyhdr.sty
Package: fancyhdr 2019/01/31 v3.10 Extensive control of page headers and footer
s
\f@nch@headwidth=\skip49
\f@nch@O@elh=\skip50
\f@nch@O@erh=\skip51
\f@nch@O@olh=\skip52
\f@nch@O@orh=\skip53
\f@nch@O@elf=\skip54
\f@nch@O@erf=\skip55
\f@nch@O@olf=\skip56
\f@nch@O@orf=\skip57
)
(/usr/share/texlive/texmf-dist/tex/latex/natbib/natbib.sty
Package: natbib 2010/09/13 8.31b (PWD, AO)
\bibhang=\skip58
\bibsep=\skip59
LaTeX Info: Redefining \cite on input line 694.
\c@NAT@ctr=\count177
)
(/usr/share/texlive/texmf-dist/tex/latex/graphics/graphicx.sty
Package: graphicx 2019/11/30 v1.2a Enhanced LaTeX Graphics (DPC,SPQR)

(/usr/share/texlive/texmf-dist/tex/latex/graphics/keyval.sty
Package: keyval 2014/10/28 v1.15 key=value parser (DPC)
\KV@toks@=\toks16
)
(/usr/share/texlive/texmf-dist/tex/latex/graphics/graphics.sty
Package: graphics 2019/11/30 v1.4a Standard LaTeX Graphics (DPC,SPQR)

(/usr/share/texlive/texmf-dist/tex/latex/graphics/trig.sty
Package: trig 2016/01/03 v1.10 sin cos tan (DPC)
)
(/usr/share/texlive/texmf-dist/tex/latex/graphics-cfg/graphics.cfg
File: graphics.cfg 2016/06/04 v1.11 sample graphics configuration
)
Package graphics Info: Driver file: pdftex.def on input line 105.

(/usr/share/texlive/texmf-dist/tex/latex/graphics-def/pdftex.def
File: pdftex.def 2018/01/08 v1.0l Graphics/color driver for pdftex
))
\Gin@req@height=\dimen136
\Gin@req@width=\dimen137
)
(/usr/share/texlive/texmf-dist/tex/latex/url/url.sty
\Urlmuskip=\muskip16
Package: url 2013/09/16  ver 3.4  Verb mode for urls, etc.
)
(/usr/share/texlive/texmf-dist/tex/latex/amsmath/amsmath.sty
Package: amsmath 2020/01/20 v2.17e AMS math features
\@mathmargin=\skip60

For additional information on amsmath, use the `?' option.
(/usr/share/texlive/texmf-dist/tex/latex/amsmath/amstext.sty
Package: amstext 2000/06/29 v2.01 AMS text

(/usr/share/texlive/texmf-dist/tex/latex/amsmath/amsgen.sty
File: amsgen.sty 1999/11/30 v2.0 generic functions
\@emptytoks=\toks17
\ex@=\dimen138
))
(/usr/share/texlive/texmf-dist/tex/latex/amsmath/amsbsy.sty
Package: amsbsy 1999/11/29 v1.2d Bold Symbols
\pmbraise@=\dimen139
)
(/usr/share/texlive/texmf-dist/tex/latex/amsmath/amsopn.sty
Package: amsopn 2016/03/08 v2.02 operator names
)
\inf@bad=\count178
LaTeX Info: Redefining \frac on input line 227.
\uproot@=\count179
\leftroot@=\count180
LaTeX Info: Redefining \overline on input line 389.
\classnum@=\count181
\DOTSCASE@=\count182
LaTeX Info: Redefining \ldots on input line 486.
LaTeX Info: Redefining \dots on input line 489.
LaTeX Info: Redefining \cdots on input line 610.
\Mathstrutbox@=\box45
\strutbox@=\box46
\big@size=\dimen140
LaTeX Font Info:    Redeclaring font encoding OML on input line 733.
LaTeX Font Info:    Redeclaring font encoding OMS on input line 734.
\macc@depth=\count183
\c@MaxMatrixCols=\count184
\dotsspace@=\muskip17
\c@parentequation=\count185
\dspbrk@lvl=\count186
\tag@help=\toks18
\row@=\count187
\column@=\count188
\maxfields@=\count189
\andhelp@=\toks19
\eqnshift@=\dimen141
\alignsep@=\dimen142
\tagshift@=\dimen143
\tagwidth@=\dimen144
\totwidth@=\dimen145
\lineht@=\dimen146
\@envbody=\toks20
\multlinegap=\skip61
\multlinetaggap=\skip62
\mathdisplay@stack=\toks21
LaTeX Info: Redefining \[ on input line 2859.
LaTeX Info: Redefining \] on input line 2860.
)
(/usr/share/texlive/texmf-dist/tex/latex/amsfonts/amssymb.sty
Package: amssymb 2013/01/14 v3.01 AMS font symbols

(/usr/share/texlive/texmf-dist/tex/latex/amsfonts/amsfonts.sty
Package: amsfonts 2013/01/14 v3.01 Basic AMSFonts support
\symAMSa=\mathgroup4
\symAMSb=\mathgroup5
LaTeX Font Info:    Redeclaring math symbol \hbar on input line 98.
LaTeX Font Info:    Overwriting math alphabet `\mathfrak' in version `bold'
(Font)                  U/euf/m/n --> U/euf/b/n on input line 106.
))
(/usr/share/texlive/texmf-dist/tex/latex/tools/multicol.sty
Package: multicol 2019/12/09 v1.8y multicolumn formatting (FMi)
\c@tracingmulticols=\count190
\mult@box=\box47
\multicol@leftmargin=\dimen147
\c@unbalance=\count191
\c@collectmore=\count192
\doublecol@number=\count193
\multicoltolerance=\count194
\multicolpretolerance=\count195
\full@width=\dimen148
\page@free=\dimen149
\premulticols=\dimen150
\postmulticols=\dimen151
\multicolsep=\skip63
\multicolbaselineskip=\skip64
\partial@page=\box48
\last@line=\box49
\maxbalancingoverflow=\dimen152
\mult@rightbox=\box50
\mult@grightbox=\box51
\mult@gfirstbox=\box52
\mult@firstbox=\box53
\@tempa=\box54
\@tempa=\box55
\@tempa=\box56
\@tempa=\box57
\@tempa=\box58
\@tempa=\box59
\@tempa=\box60
\@tempa=\box61
\@tempa=\box62
\@tempa=\box63
\@tempa=\box64
\@tempa=\box65
\@tempa=\box66
\@tempa=\box67
\@tempa=\box68
\@tempa=\box69
\@tempa=\box70
\@tempa=\box71
\@tempa=\box72
\@tempa=\box73
\@tempa=\box74
\@tempa=\box75
\@tempa=\box76
\@tempa=\box77
\@tempa=\box78
\@tempa=\box79
\@tempa=\box80
\@tempa=\box81
\@tempa=\box82
\@tempa=\box83
\@tempa=\box84
\@tempa=\box85
\@tempa=\box86
\@tempa=\box87
\@tempa=\box88
\@tempa=\box89
\@tempa=\box90
\c@minrows=\count196
\c@columnbadness=\count197
\c@finalcolumnbadness=\count198
\last@try=\dimen153
\multicolovershoot=\dimen154
\multicolundershoot=\dimen155
\mult@nat@firstbox=\box91
\colbreak@box=\box92
\mc@col@check@num=\count199
)
(/usr/share/texlive/texmf-dist/tex/latex/siunitx/siunitx.sty
(/usr/share/texlive/texmf-dist/tex/latex/l3kernel/expl3.sty
Package: expl3 2020-02-14 L3 programming layer (loader) 

(/usr/share/texlive/texmf-dist/tex/latex/l3backend/l3backend-pdfmode.def
File: l3backend-pdfmode.def 2020-02-03 L3 backend support: PDF mode
\l__kernel_color_stack_int=\count266
\l__pdf_internal_box=\box93
))
(/usr/share/texlive/texmf-dist/tex/latex/l3packages/xparse/xparse.sty
Package: xparse 2020-02-14 L3 Experimental document command parser
\l__xparse_current_arg_int=\count267
\g__xparse_grabber_int=\count268
\l__xparse_m_args_int=\count269
\l__xparse_v_nesting_int=\count270
)
Package: siunitx 2020/01/15 v2.7u A comprehensive (SI) units package

(/usr/share/texlive/texmf-dist/tex/latex/tools/array.sty
Package: array 2019/08/31 v2.4l Tabular extension package (FMi)
\col@sep=\dimen156
\ar@mcellbox=\box94
\extrarowheight=\dimen157
\NC@list=\toks22
\extratabsurround=\skip65
\backup@length=\skip66
\ar@cellbox=\box95
)
(/usr/share/texlive/texmf-dist/tex/latex/l3packages/l3keys2e/l3keys2e.sty
Package: l3keys2e 2020-02-14 LaTeX2e option processing using LaTeX3 keys
)
\l__siunitx_tmp_box=\box96
\l__siunitx_tmp_dim=\dimen158
\l__siunitx_tmp_int=\count271
\l__siunitx_number_mantissa_length_int=\count272
\l__siunitx_number_uncert_length_int=\count273
\l__siunitx_round_int=\count274
\l__siunitx_process_decimal_int=\count275
\l__siunitx_process_uncertainty_int=\count276
\l__siunitx_process_fixed_int=\count277
\l__siunitx_process_integer_min_int=\count278
\l__siunitx_process_precision_int=\count279
\l__siunitx_group_min_int=\count280
\l__siunitx_angle_marker_box=\box97
\l__siunitx_angle_unit_box=\box98
\l__siunitx_angle_marker_dim=\dimen159
\l__siunitx_angle_unit_dim=\dimen160
\l__siunitx_unit_int=\count281
\l__siunitx_unit_denominator_int=\count282
\l__siunitx_unit_numerator_int=\count283
\l__siunitx_unit_prefix_int=\count284
\l__siunitx_unit_prefix_base_int=\count285
\l__siunitx_unit_prefix_gram_int=\count286
\l__siunitx_number_product_int=\count287
\c__siunitx_one_fill_skip=\skip67
\l__siunitx_table_unit_align_skip=\skip68
\l__siunitx_table_exponent_dim=\dimen161
\l__siunitx_table_integer_dim=\dimen162
\l__siunitx_table_mantissa_dim=\dimen163
\l__siunitx_table_marker_dim=\dimen164
\l__siunitx_table_result_dim=\dimen165
\l__siunitx_table_uncert_dim=\dimen166
\l__siunitx_table_fill_pre_dim=\dimen167
\l__siunitx_table_fill_post_dim=\dimen168
\l__siunitx_table_fill_mid_dim=\dimen169
\l__siunitx_table_pre_box=\box99
\l__siunitx_table_post_box=\box100
\l__siunitx_table_mantissa_box=\box101
\l__siunitx_table_result_box=\box102
\l__siunitx_table_number_align_skip=\skip69
\l__siunitx_table_text_align_skip=\skip70

(/usr/share/texlive/texmf-dist/tex/latex/translator/translator.sty
Package: translator 2019-05-31 v1.12a Easy translation of strings in LaTeX
))
(/usr/share/texlive/texmf-dist/tex/latex/soul/soul.sty
Package: soul 2003/11/17 v2.4 letterspacing/underlining (mf)
\SOUL@word=\toks23
\SOUL@lasttoken=\toks24
\SOUL@cmds=\toks25
\SOUL@buffer=\toks26
\SOUL@token=\toks27
\SOUL@spaceskip=\skip71
\SOUL@ttwidth=\dimen170
\SOUL@uldp=\dimen171
\SOUL@ulht=\dimen172
) (./self-awareness.aux)
\openout1 = `self-awareness.aux'.

LaTeX Font Info:    Checking defaults for OML/cmm/m/it on input line 24.
LaTeX Font Info:    ... okay on input line 24.
LaTeX Font Info:    Checking defaults for OMS/cmsy/m/n on input line 24.
LaTeX Font Info:    ... okay on input line 24.
LaTeX Font Info:    Checking defaults for OT1/cmr/m/n on input line 24.
LaTeX Font Info:    ... okay on input line 24.
LaTeX Font Info:    Checking defaults for T1/cmr/m/n on input line 24.
LaTeX Font Info:    ... okay on input line 24.
LaTeX Font Info:    Checking defaults for TS1/cmr/m/n on input line 24.
LaTeX Font Info:    ... okay on input line 24.
LaTeX Font Info:    Checking defaults for OMX/cmex/m/n on input line 24.
LaTeX Font Info:    ... okay on input line 24.
LaTeX Font Info:    Checking defaults for U/cmr/m/n on input line 24.
LaTeX Font Info:    ... okay on input line 24.

(/usr/share/texlive/texmf-dist/tex/context/base/mkii/supp-pdf.mkii
[Loading MPS to PDF converter (version 2006.09.02).]
\scratchcounter=\count288
\scratchdimen=\dimen173
\scratchbox=\box103
\nofMPsegments=\count289
\nofMParguments=\count290
\everyMPshowfont=\toks28
\MPscratchCnt=\count291
\MPscratchDim=\dimen174
\MPnumerator=\count292
\makeMPintoPDFobject=\count293
\everyMPtoPDFconversion=\toks29
) (/usr/share/texlive/texmf-dist/tex/latex/epstopdf-pkg/epstopdf-base.sty
Package: epstopdf-base 2020-01-24 v2.11 Base part for package epstopdf
Package epstopdf-base Info: Redefining graphics rule for `.eps' on input line 4
85.

(/usr/share/texlive/texmf-dist/tex/latex/latexconfig/epstopdf-sys.cfg
File: epstopdf-sys.cfg 2010/07/13 v1.3 Configuration of (r)epstopdf for TeX Liv
e
))
(/usr/share/texlive/texmf-dist/tex/latex/translator/translator-basic-dictionary
-English.dict
Dictionary: translator-basic-dictionary, Language: English 
)
(/usr/share/texlive/texmf-dist/tex/latex/siunitx/siunitx-abbreviations.cfg
File: siunitx-abbreviations.cfg 2017/11/26 v2.7k siunitx: Abbreviated units
)
LaTeX Font Info:    Trying to load font information for U+msa on input line 24.


(/usr/share/texlive/texmf-dist/tex/latex/amsfonts/umsa.fd
File: umsa.fd 2013/01/14 v3.01 AMS symbols A
)
LaTeX Font Info:    Trying to load font information for U+msb on input line 24.


(/usr/share/texlive/texmf-dist/tex/latex/amsfonts/umsb.fd
File: umsb.fd 2013/01/14 v3.01 AMS symbols B
)
Overfull \hbox (6.03058pt too wide) in paragraph at lines 37--37
[]\OT1/cmr/bx/n/12 Knowledge rep-re-sen-ta-tion and mod-el-ing struc-tures and
 []


Overfull \hbox (11.57169pt too wide) in paragraph at lines 44--45
\OT1/cmr/m/n/10 ness $\OT1/cmtt/m/n/10 https : / / en . wikipedia . org / wiki 
/ Artificial _ consciousness$\OT1/cmr/m/n/10 . Con-
 []

[1

{/var/lib/texmf/fonts/map/pdftex/updmap/pdftex.map}] [2]
Overfull \hbox (9.77917pt too wide) in paragraph at lines 100--100
[]\OT1/cmr/bx/n/12 Aspects of Re-flec-tive and Meta-reflective Self-awareness 
 []

[3] [4]
</home/donkarlo/Dropbox/projs/research/assets/regazzoni-2020-multi-sensorial-ge
nerative-and-descriptive-self-awareness-models-for-autonomous-systems-fig-1.png
, id=22, 431.36156pt x 363.60844pt>
File: /home/donkarlo/Dropbox/projs/research/assets/regazzoni-2020-multi-sensori
al-generative-and-descriptive-self-awareness-models-for-autonomous-systems-fig-
1.png Graphic file (type png)
<use /home/donkarlo/Dropbox/projs/research/assets/regazzoni-2020-multi-sensoria
l-generative-and-descriptive-self-awareness-models-for-autonomous-systems-fig-1
.png>
Package pdftex.def Info: /home/donkarlo/Dropbox/projs/research/assets/regazzoni
-2020-multi-sensorial-generative-and-descriptive-self-awareness-models-for-auto
nomous-systems-fig-1.png  used on input line 149.
(pdftex.def)             Requested size: 241.49895pt x 203.56384pt.
 [5] [6 </home/donkarlo/Dropbox/projs/research/assets/regazzoni-2020-multi-sens
orial-generative-and-descriptive-self-awareness-models-for-autonomous-systems-f
ig-1.png (PNG copy)>] [7]
Overfull \hbox (36.15363pt too wide) in paragraph at lines 208--209
\OT1/cmr/m/n/10 po-si-tion in the rect-an-gu-lar court-yard of Genoa uni-ver-si
ty and (x'=dx/dt,y'=dy/dt)
 []


Overfull \hbox (5.05614pt too wide) in paragraph at lines 212--213
\OT1/cmr/m/n/10 tion ac-cu-racy (this is what forms the dif-fer-ence be-tween Z
(observation/what
 []

[8] [9]
Underfull \hbox (badness 10000) in paragraph at lines 224--224
[][]$\OT1/cmtt/m/n/8 https : / / en . wikipedia . org / wiki / Incremental _ le
arning# : [] : text = In \ %20computer \
 []

</home/donkarlo/Dropbox/projs/research/assets/regazzoni-2020-multi-sensorial-ge
nerative-and-descriptive-self-awareness-models-for-autonomous-systems-table-i.p
ng, id=40, 874.89212pt x 626.05989pt>
File: /home/donkarlo/Dropbox/projs/research/assets/regazzoni-2020-multi-sensori
al-generative-and-descriptive-self-awareness-models-for-autonomous-systems-tabl
e-i.png Graphic file (type png)
<use /home/donkarlo/Dropbox/projs/research/assets/regazzoni-2020-multi-sensoria
l-generative-and-descriptive-self-awareness-models-for-autonomous-systems-table
-i.png>
Package pdftex.def Info: /home/donkarlo/Dropbox/projs/research/assets/regazzoni
-2020-multi-sensorial-generative-and-descriptive-self-awareness-models-for-auto
nomous-systems-table-i.png  used on input line 230.
(pdftex.def)             Requested size: 241.49895pt x 172.81181pt.

Overfull \hbox (1.49698pt too wide) in paragraph at lines 237--238
$\OT1/cmtt/m/n/10 https : / / en . wikipedia . org / wiki / Damasio \ %27s _ th
eory _ of _ consciousness$
 []

[10 </home/donkarlo/Dropbox/projs/research/assets/regazzoni-2020-multi-sensoria
l-generative-and-descriptive-self-awareness-models-for-autonomous-systems-table
-i.png>]
</home/donkarlo/Dropbox/projs/research/assets/regazzoni-2020-multi-sensorial-ge
nerative-and-descriptive-self-awareness-models-for-autonomous-systems-fig-2.png
, id=47, 421.575pt x 419.31656pt>
File: /home/donkarlo/Dropbox/projs/research/assets/regazzoni-2020-multi-sensori
al-generative-and-descriptive-self-awareness-models-for-autonomous-systems-fig-
2.png Graphic file (type png)
<use /home/donkarlo/Dropbox/projs/research/assets/regazzoni-2020-multi-sensoria
l-generative-and-descriptive-self-awareness-models-for-autonomous-systems-fig-2
.png>
Package pdftex.def Info: /home/donkarlo/Dropbox/projs/research/assets/regazzoni
-2020-multi-sensorial-generative-and-descriptive-self-awareness-models-for-auto
nomous-systems-fig-2.png  used on input line 249.
(pdftex.def)             Requested size: 241.49895pt x 240.20938pt.

Underfull \hbox (badness 10000) in paragraph at lines 250--250
[]\OT1/cmr/m/n/10 Figure 3: regazzoni-2020-multi-sensorial-generative-and-descr
iptive-self-
 []


Overfull \hbox (4.68954pt too wide) in paragraph at lines 238--253
 \OT1/cmr/bx/n/10 au-to-bi-o-graph-i-cal mem-o-ries (AMs)[] \OT1/cmr/m/n/10 Neu
-ro-sci-en-tists such as Dama-sio Regaz-
 []

[11] [12 </home/donkarlo/Dropbox/projs/research/assets/regazzoni-2020-multi-sen
sorial-generative-and-descriptive-self-awareness-models-for-autonomous-systems-
fig-2.png (PNG copy)>]
</home/donkarlo/Dropbox/projs/research/assets/regazzoni-2020-multi-sensorial-ge
nerative-and-descriptive-self-awareness-models-for-autonomous-systems-fig-3.png
, id=54, 417.81094pt x 441.14813pt>
File: /home/donkarlo/Dropbox/projs/research/assets/regazzoni-2020-multi-sensori
al-generative-and-descriptive-self-awareness-models-for-autonomous-systems-fig-
3.png Graphic file (type png)
<use /home/donkarlo/Dropbox/projs/research/assets/regazzoni-2020-multi-sensoria
l-generative-and-descriptive-self-awareness-models-for-autonomous-systems-fig-3
.png>
Package pdftex.def Info: /home/donkarlo/Dropbox/projs/research/assets/regazzoni
-2020-multi-sensorial-generative-and-descriptive-self-awareness-models-for-auto
nomous-systems-fig-3.png  used on input line 278.
(pdftex.def)             Requested size: 241.49895pt x 254.99101pt.

Underfull \hbox (badness 10000) in paragraph at lines 279--279
[]\OT1/cmr/m/n/10 Figure 4: regazzoni-2020-multi-sensorial-generative-and-descr
iptive-self-
 []

[13] [14 </home/donkarlo/Dropbox/projs/research/assets/regazzoni-2020-multi-sen
sorial-generative-and-descriptive-self-awareness-models-for-autonomous-systems-
fig-3.png (PNG copy)>]
</home/donkarlo/Dropbox/projs/research/assets/regazzoni-2020-multi-sensorial-ge
nerative-and-descriptive-self-awareness-models-for-autonomous-systems-fig-4.png
, id=62, 268.00125pt x 395.22656pt>
File: /home/donkarlo/Dropbox/projs/research/assets/regazzoni-2020-multi-sensori
al-generative-and-descriptive-self-awareness-models-for-autonomous-systems-fig-
4.png Graphic file (type png)
<use /home/donkarlo/Dropbox/projs/research/assets/regazzoni-2020-multi-sensoria
l-generative-and-descriptive-self-awareness-models-for-autonomous-systems-fig-4
.png>
Package pdftex.def Info: /home/donkarlo/Dropbox/projs/research/assets/regazzoni
-2020-multi-sensorial-generative-and-descriptive-self-awareness-models-for-auto
nomous-systems-fig-4.png  used on input line 296.
(pdftex.def)             Requested size: 241.49895pt x 356.14084pt.
</home/donkarlo/Dropbox/projs/research/assets/regazzoni-2020-multi-sensorial-ge
nerative-and-descriptive-self-awareness-models-for-autonomous-systems-fig-5.png
, id=63, 338.76563pt x 353.82187pt>
File: /home/donkarlo/Dropbox/projs/research/assets/regazzoni-2020-multi-sensori
al-generative-and-descriptive-self-awareness-models-for-autonomous-systems-fig-
5.png Graphic file (type png)
<use /home/donkarlo/Dropbox/projs/research/assets/regazzoni-2020-multi-sensoria
l-generative-and-descriptive-self-awareness-models-for-autonomous-systems-fig-5
.png>
Package pdftex.def Info: /home/donkarlo/Dropbox/projs/research/assets/regazzoni
-2020-multi-sensorial-generative-and-descriptive-self-awareness-models-for-auto
nomous-systems-fig-5.png  used on input line 317.
(pdftex.def)             Requested size: 241.49895pt x 252.24106pt.
 [15] [16 </home/donkarlo/Dropbox/projs/research/assets/regazzoni-2020-multi-se
nsorial-generative-and-descriptive-self-awareness-models-for-autonomous-systems
-fig-4.png (PNG copy)>] [17] [18 </home/donkarlo/Dropbox/projs/research/assets/
regazzoni-2020-multi-sensorial-generative-and-descriptive-self-awareness-models
-for-autonomous-systems-fig-5.png (PNG copy)>] [19]
[20]
</home/donkarlo/Dropbox/projs/research/assets/regazzoni-2020-multi-sensorial-ge
nerative-and-descriptive-self-awareness-models-for-autonomous-systems-fig-6.png
, id=83, 411.03563pt x 302.63063pt>
File: /home/donkarlo/Dropbox/projs/research/assets/regazzoni-2020-multi-sensori
al-generative-and-descriptive-self-awareness-models-for-autonomous-systems-fig-
6.png Graphic file (type png)
<use /home/donkarlo/Dropbox/projs/research/assets/regazzoni-2020-multi-sensoria
l-generative-and-descriptive-self-awareness-models-for-autonomous-systems-fig-6
.png>
Package pdftex.def Info: /home/donkarlo/Dropbox/projs/research/assets/regazzoni
-2020-multi-sensorial-generative-and-descriptive-self-awareness-models-for-auto
nomous-systems-fig-6.png  used on input line 431.
(pdftex.def)             Requested size: 241.49895pt x 177.80705pt.
</home/donkarlo/Dropbox/projs/research/assets/regazzoni-2020-multi-sensorial-ge
nerative-and-descriptive-self-awareness-models-for-autonomous-systems-fig-7.png
, id=84, 344.03531pt x 386.19281pt>
File: /home/donkarlo/Dropbox/projs/research/assets/regazzoni-2020-multi-sensori
al-generative-and-descriptive-self-awareness-models-for-autonomous-systems-fig-
7.png Graphic file (type png)
<use /home/donkarlo/Dropbox/projs/research/assets/regazzoni-2020-multi-sensoria
l-generative-and-descriptive-self-awareness-models-for-autonomous-systems-fig-7
.png>
Package pdftex.def Info: /home/donkarlo/Dropbox/projs/research/assets/regazzoni
-2020-multi-sensorial-generative-and-descriptive-self-awareness-models-for-auto
nomous-systems-fig-7.png  used on input line 457.
(pdftex.def)             Requested size: 241.49895pt x 271.09328pt.
 [21]
Overfull \hbox (13.56116pt too wide) in paragraph at lines 462--462
[] \OT1/cmr/bx/n/14.4 SIG-NAL REP-RE-SEN-TA-TION AND MODEL
 []

</home/donkarlo/Dropbox/projs/research/assets/regazzoni-2020-multi-sensorial-ge
nerative-and-descriptive-self-awareness-models-for-autonomous-systems-table-ii.
png, id=88, 685.8122pt x 386.94562pt>
File: /home/donkarlo/Dropbox/projs/research/assets/regazzoni-2020-multi-sensori
al-generative-and-descriptive-self-awareness-models-for-autonomous-systems-tabl
e-ii.png Graphic file (type png)
<use /home/donkarlo/Dropbox/projs/research/assets/regazzoni-2020-multi-sensoria
l-generative-and-descriptive-self-awareness-models-for-autonomous-systems-table
-ii.png>
Package pdftex.def Info: /home/donkarlo/Dropbox/projs/research/assets/regazzoni
-2020-multi-sensorial-generative-and-descriptive-self-awareness-models-for-auto
nomous-systems-table-ii.png  used on input line 478.
(pdftex.def)             Requested size: 241.49895pt x 136.2596pt.
</home/donkarlo/Dropbox/projs/research/assets/regazzoni-2020-multi-sensorial-ge
nerative-and-descriptive-self-awareness-models-for-autonomous-systems-fig-8.png
, id=89, 334.24875pt x 173.14688pt>
File: /home/donkarlo/Dropbox/projs/research/assets/regazzoni-2020-multi-sensori
al-generative-and-descriptive-self-awareness-models-for-autonomous-systems-fig-
8.png Graphic file (type png)
<use /home/donkarlo/Dropbox/projs/research/assets/regazzoni-2020-multi-sensoria
l-generative-and-descriptive-self-awareness-models-for-autonomous-systems-fig-8
.png>
Package pdftex.def Info: /home/donkarlo/Dropbox/projs/research/assets/regazzoni
-2020-multi-sensorial-generative-and-descriptive-self-awareness-models-for-auto
nomous-systems-fig-8.png  used on input line 490.
(pdftex.def)             Requested size: 241.49895pt x 125.10422pt.
[22 </home/donkarlo/Dropbox/projs/research/assets/regazzoni-2020-multi-sensoria
l-generative-and-descriptive-self-awareness-models-for-autonomous-systems-fig-6
.png (PNG copy)>] [23 </home/donkarlo/Dropbox/projs/research/assets/regazzoni-2
020-multi-sensorial-generative-and-descriptive-self-awareness-models-for-autono
mous-systems-fig-7.png (PNG copy)> </home/donkarlo/Dropbox/projs/research/asset
s/regazzoni-2020-multi-sensorial-generative-and-descriptive-self-awareness-mode
ls-for-autonomous-systems-table-ii.png (PNG copy)>] [24 </home/donkarlo/Dropbox
/projs/research/assets/regazzoni-2020-multi-sensorial-generative-and-descriptiv
e-self-awareness-models-for-autonomous-systems-fig-8.png (PNG copy)>]
</home/donkarlo/Dropbox/projs/research/assets/regazzoni-2020-multi-sensorial-ge
nerative-and-descriptive-self-awareness-models-for-autonomous-systems-fig-9.png
, id=100, 283.0575pt x 205.5178pt>
File: /home/donkarlo/Dropbox/projs/research/assets/regazzoni-2020-multi-sensori
al-generative-and-descriptive-self-awareness-models-for-autonomous-systems-fig-
9.png Graphic file (type png)
<use /home/donkarlo/Dropbox/projs/research/assets/regazzoni-2020-multi-sensoria
l-generative-and-descriptive-self-awareness-models-for-autonomous-systems-fig-9
.png>
Package pdftex.def Info: /home/donkarlo/Dropbox/projs/research/assets/regazzoni
-2020-multi-sensorial-generative-and-descriptive-self-awareness-models-for-auto
nomous-systems-fig-9.png  used on input line 573.
(pdftex.def)             Requested size: 241.49895pt x 175.3495pt.
 [25]
[26 </home/donkarlo/Dropbox/projs/research/assets/regazzoni-2020-multi-sensoria
l-generative-and-descriptive-self-awareness-models-for-autonomous-systems-fig-9
.png (PNG copy)>] (./self-awareness.bbl [27]
Underfull \hbox (badness 1137) in paragraph at lines 95--99
\OT1/cmr/m/n/10 Carlo Regaz-zoni Ar-turo de la Es-calera.  Cog-ni-tive dy-namic
 sys-tems:
 []

[28]) [29] (./self-awareness.aux) ) 
Here is how much of TeX's memory you used:
 6735 strings out of 481239
 147071 string characters out of 5920377
 373546 words of memory out of 5000000
 21907 multiletter control sequences out of 15000+600000
 544375 words of font info for 71 fonts, out of 8000000 for 9000
 1141 hyphenation exceptions out of 8191
 35i,10n,45p,2943b,498s stack positions out of 5000i,500n,10000p,200000b,80000s
{/usr/share/texmf/fonts/enc/dvips/cm-super/c
m-super-ts1.enc}</usr/share/texlive/texmf-dist/fonts/type1/public/amsfonts/cm/c
mbx10.pfb></usr/share/texlive/texmf-dist/fonts/type1/public/amsfonts/cm/cmbx12.
pfb></usr/share/texlive/texmf-dist/fonts/type1/public/amsfonts/cm/cmbxti10.pfb>
</usr/share/texlive/texmf-dist/fonts/type1/public/amsfonts/cm/cmr10.pfb></usr/s
hare/texlive/texmf-dist/fonts/type1/public/amsfonts/cm/cmr12.pfb></usr/share/te
xlive/texmf-dist/fonts/type1/public/amsfonts/cm/cmr17.pfb></usr/share/texlive/t
exmf-dist/fonts/type1/public/amsfonts/cm/cmr6.pfb></usr/share/texlive/texmf-dis
t/fonts/type1/public/amsfonts/cm/cmr7.pfb></usr/share/texlive/texmf-dist/fonts/
type1/public/amsfonts/cm/cmti10.pfb></usr/share/texlive/texmf-dist/fonts/type1/
public/amsfonts/cm/cmtt10.pfb></usr/share/texlive/texmf-dist/fonts/type1/public
/amsfonts/cm/cmtt8.pfb></usr/share/texmf/fonts/type1/public/cm-super/sfrm1000.p
fb>
Output written on self-awareness.pdf (29 pages, 1079815 bytes).
PDF statistics:
 158 PDF objects out of 1000 (max. 8388607)
 102 compressed objects within 2 object streams
 0 named destinations out of 1000 (max. 500000)
 56 words of extra memory for PDF output out of 10000 (max. 10000000)

